Determining if the pthread_create exist failed with the following output:
Change Dir: /home/kevinsun/Projects/Math_calculation/build/CMakeFiles/CMakeTmp

Run Build Command:/usr/bin/make "cmTryCompileExec2094867422/fast"
/usr/bin/make -f CMakeFiles/cmTryCompileExec2094867422.dir/build.make CMakeFiles/cmTryCompileExec2094867422.dir/build
make[1]: Entering directory `/home/kevinsun/Projects/Math_calculation/build/CMakeFiles/CMakeTmp'
/usr/bin/cmake -E cmake_progress_report /home/kevinsun/Projects/Math_calculation/build/CMakeFiles/CMakeTmp/CMakeFiles 1
Building C object CMakeFiles/cmTryCompileExec2094867422.dir/CheckSymbolExists.c.o
/usr/bin/cc    -o CMakeFiles/cmTryCompileExec2094867422.dir/CheckSymbolExists.c.o   -c /home/kevinsun/Projects/Math_calculation/build/CMakeFiles/CMakeTmp/CheckSymbolExists.c
Linking C executable cmTryCompileExec2094867422
/usr/bin/cmake -E cmake_link_script CMakeFiles/cmTryCompileExec2094867422.dir/link.txt --verbose=1
/usr/bin/cc       CMakeFiles/cmTryCompileExec2094867422.dir/CheckSymbolExists.c.o  -o cmTryCompileExec2094867422 -rdynamic 
CMakeFiles/cmTryCompileExec2094867422.dir/CheckSymbolExists.c.o: In function `main':
CheckSymbolExists.c:(.text+0x16): undefined reference to `pthread_create'
collect2: error: ld returned 1 exit status
make[1]: Leaving directory `/home/kevinsun/Projects/Math_calculation/build/CMakeFiles/CMakeTmp'
make[1]: *** [cmTryCompileExec2094867422] Error 1
make: *** [cmTryCompileExec2094867422/fast] Error 2

File /home/kevinsun/Projects/Math_calculation/build/CMakeFiles/CMakeTmp/CheckSymbolExists.c:
/* */
#include <pthread.h>

int main(int argc, char** argv)
{
  (void)argv;
#ifndef pthread_create
  return ((int*)(&pthread_create))[argc];
#else
  (void)argc;
  return 0;
#endif
}

Determining if the function pthread_create exists in the pthreads failed with the following output:
Change Dir: /home/kevinsun/Projects/Math_calculation/build/CMakeFiles/CMakeTmp

Run Build Command:/usr/bin/make "cmTryCompileExec3187346557/fast"
/usr/bin/make -f CMakeFiles/cmTryCompileExec3187346557.dir/build.make CMakeFiles/cmTryCompileExec3187346557.dir/build
make[1]: Entering directory `/home/kevinsun/Projects/Math_calculation/build/CMakeFiles/CMakeTmp'
/usr/bin/cmake -E cmake_progress_report /home/kevinsun/Projects/Math_calculation/build/CMakeFiles/CMakeTmp/CMakeFiles 1
Building C object CMakeFiles/cmTryCompileExec3187346557.dir/CheckFunctionExists.c.o
/usr/bin/cc   -DCHECK_FUNCTION_EXISTS=pthread_create   -o CMakeFiles/cmTryCompileExec3187346557.dir/CheckFunctionExists.c.o   -c /usr/share/cmake-2.8/Modules/CheckFunctionExists.c
Linking C executable cmTryCompileExec3187346557
/usr/bin/cmake -E cmake_link_script CMakeFiles/cmTryCompileExec3187346557.dir/link.txt --verbose=1
/usr/bin/cc   -DCHECK_FUNCTION_EXISTS=pthread_create    CMakeFiles/cmTryCompileExec3187346557.dir/CheckFunctionExists.c.o  -o cmTryCompileExec3187346557 -rdynamic -lpthreads 
/usr/bin/ld: cannot find -lpthreads
collect2: error: ld returned 1 exit status
make[1]: Leaving directory `/home/kevinsun/Projects/Math_calculation/build/CMakeFiles/CMakeTmp'
make[1]: *** [cmTryCompileExec3187346557] Error 1
make: *** [cmTryCompileExec3187346557/fast] Error 2


